<?xml version="1.0" encoding="UTF-8"?>
<!-- Generated by org.testng.reporters.JUnitReportReporter -->
<testsuite hostname="DESKTOP-IF4HBMG" failures="0" tests="3" name="org.example.testcases.SignUp" time="8.216" errors="0" timestamp="2022-02-03T13:46:46 GST" skipped="0">
  <testcase classname="org.example.testcases.SignUp" name="validSingUp" time="4.309"/>
  <system-out/>
  <testcase classname="org.example.testcases.SignUp" name="singUpWithUsedUsername" time="2.427"/>
  <system-out/>
  <testcase classname="org.example.testcases.SignUp" name="singUpWithEmptyFields" time="1.480"/>
  <system-out/>
</testsuite> <!-- org.example.testcases.SignUp -->
