<?xml version="1.0" encoding="UTF-8"?>
<!-- Generated by org.testng.reporters.JUnitReportReporter -->
<testsuite hostname="DESKTOP-IF4HBMG" failures="0" tests="2" name="org.example.testcases.Cart" time="9.644" errors="0" timestamp="2022-02-03T13:46:46 GST" skipped="0">
  <testcase classname="org.example.testcases.Cart" name="cartTotalPrice" time="3.649"/>
  <system-out/>
  <testcase classname="org.example.testcases.Cart" name="cartPlaceOrder" time="5.995"/>
  <system-out/>
</testsuite> <!-- org.example.testcases.Cart -->
